TN:
SF:src\domain\cliente\entities\cliente.ts
FN:23,(anonymous_0)
FN:28,(anonymous_1)
FNF:2
FNH:2
FNDA:12,(anonymous_0)
FNDA:5,(anonymous_1)
DA:1,2
DA:2,2
DA:14,2
DA:24,12
DA:25,12
DA:29,5
DA:30,5
LF:7
LH:7
BRDA:29,0,0,5
BRF:1
BRH:1
end_of_record
TN:
SF:src\domain\cliente\usecases\cadastrarCliente.usecase.ts
FN:14,(anonymous_7)
FN:16,(anonymous_8)
FNF:2
FNH:2
FNDA:3,(anonymous_7)
FNDA:7,(anonymous_8)
DA:3,1
DA:4,1
DA:6,1
DA:7,1
DA:12,1
DA:14,3
DA:17,7
DA:18,6
DA:19,5
DA:21,5
DA:22,5
LF:11
LH:11
BRDA:17,0,0,1
BRDA:17,1,0,7
BRDA:17,1,1,3
BRDA:17,1,2,2
BRDA:18,2,0,1
BRDA:18,3,0,6
BRDA:18,3,1,4
BRDA:19,4,0,3
BRF:8
BRH:8
end_of_record
TN:
SF:src\domain\item\entities\item.ts
FN:30,(anonymous_0)
FN:35,(anonymous_1)
FNF:2
FNH:2
FNDA:15,(anonymous_0)
FNDA:12,(anonymous_1)
DA:3,2
DA:4,2
DA:6,2
DA:8,2
DA:21,2
DA:31,15
DA:32,15
DA:36,12
DA:37,12
LF:9
LH:9
BRDA:36,0,0,12
BRF:1
BRH:1
end_of_record
TN:
SF:src\domain\item\usecases\cadastrarItem.usecase.ts
FN:12,(anonymous_7)
FN:14,(anonymous_8)
FNF:2
FNH:2
FNDA:1,(anonymous_7)
FNDA:12,(anonymous_8)
DA:3,1
DA:9,1
DA:12,1
DA:15,12
DA:17,12
LF:5
LH:5
BRF:0
BRH:0
end_of_record
TN:
SF:src\domain\item\usecases\editarItem.usecase.ts
FN:14,(anonymous_7)
FN:16,(anonymous_8)
FN:20,(anonymous_10)
FNF:3
FNH:3
FNDA:1,(anonymous_7)
FNDA:1,(anonymous_8)
FNDA:1,(anonymous_10)
DA:4,1
DA:13,1
DA:14,1
DA:17,1
DA:20,1
DA:21,1
DA:23,0
DA:24,0
LF:8
LH:6
BRDA:23,0,0,0
BRF:1
BRH:0
end_of_record
TN:
SF:src\infra\database\memory\cliente\repositories\clientesMemoria.repository.ts
FN:17,(anonymous_7)
FN:21,(anonymous_8)
FN:22,(anonymous_10)
FN:25,(anonymous_11)
FN:32,(anonymous_13)
FN:76,(anonymous_15)
FN:77,(anonymous_17)
FN:80,(anonymous_18)
FN:86,(anonymous_19)
FN:88,(anonymous_21)
FN:90,(anonymous_22)
FN:99,(anonymous_23)
FNF:12
FNH:12
FNDA:4,(anonymous_7)
FNDA:2,(anonymous_8)
FNDA:5,(anonymous_10)
FNDA:2,(anonymous_11)
FNDA:10,(anonymous_13)
FNDA:2,(anonymous_15)
FNDA:2,(anonymous_17)
FNDA:6,(anonymous_18)
FNDA:12,(anonymous_19)
FNDA:8,(anonymous_21)
FNDA:8,(anonymous_22)
FNDA:16,(anonymous_23)
DA:9,2
DA:11,2
DA:13,2
DA:15,2
DA:18,4
DA:22,5
DA:26,2
DA:27,2
DA:28,1
DA:29,1
DA:34,10
DA:39,10
DA:40,1
DA:44,9
DA:49,9
DA:50,1
DA:54,8
DA:59,8
DA:60,1
DA:63,7
DA:68,7
DA:69,6
DA:70,6
DA:71,6
DA:72,6
DA:73,6
DA:77,2
DA:78,2
DA:79,1
DA:80,1
DA:81,6
DA:83,1
DA:87,12
DA:89,8
DA:90,8
DA:92,8
DA:94,8
DA:100,16
DA:101,4
DA:102,4
DA:109,3
DA:111,13
LF:42
LH:42
BRDA:18,0,0,4
BRDA:18,0,1,2
BRDA:27,1,0,1
BRDA:34,2,0,10
BRDA:34,2,1,5
BRDA:39,3,0,1
BRDA:44,4,0,9
BRDA:44,4,1,5
BRDA:49,5,0,1
BRDA:54,6,0,8
BRDA:54,6,1,6
BRDA:59,7,0,1
BRDA:68,8,0,1
BRDA:68,9,0,7
BRDA:68,9,1,2
BRDA:69,10,0,5
BRDA:78,11,0,1
BRDA:88,12,0,7
BRDA:88,12,1,5
BRDA:88,13,0,12
BRDA:88,13,1,12
BRDA:92,14,0,1
BRDA:92,15,0,8
BRDA:92,15,1,5
BRDA:102,16,0,3
BRDA:104,17,0,4
BRDA:104,17,1,4
BRDA:104,17,2,3
BRF:28
BRH:28
end_of_record
TN:
SF:src\infra\database\memory\cliente\seeders\cliente.seeder.ts
FN:9,(anonymous_7)
FN:16,(anonymous_8)
FN:23,(anonymous_10)
FN:23,(anonymous_11)
FNF:4
FNH:4
FNDA:1,(anonymous_7)
FNDA:1,(anonymous_8)
FNDA:5,(anonymous_10)
FNDA:5,(anonymous_11)
DA:5,1
DA:7,1
DA:10,1
DA:11,1
DA:13,1
DA:17,1
DA:18,1
DA:21,1
DA:22,1
DA:23,5
DA:24,5
DA:28,1
DA:30,0
LF:13
LH:12
BRF:0
BRH:0
end_of_record
TN:
SF:src\infra\database\memory\item\repositories\itemMemoria.repository.ts
FN:17,(anonymous_7)
FN:21,(anonymous_8)
FN:22,(anonymous_10)
FN:28,(anonymous_11)
FN:40,(anonymous_13)
FN:57,(anonymous_15)
FN:58,(anonymous_17)
FN:62,(anonymous_18)
FN:68,(anonymous_19)
FN:70,(anonymous_21)
FN:72,(anonymous_22)
FN:81,(anonymous_23)
FNF:12
FNH:12
FNDA:4,(anonymous_7)
FNDA:6,(anonymous_8)
FNDA:49,(anonymous_10)
FNDA:3,(anonymous_11)
FNDA:14,(anonymous_13)
FNDA:2,(anonymous_15)
FNDA:2,(anonymous_17)
FNDA:9,(anonymous_18)
FNDA:8,(anonymous_19)
FNDA:6,(anonymous_21)
FNDA:6,(anonymous_22)
FNDA:1,(anonymous_23)
DA:9,3
DA:11,3
DA:13,3
DA:15,3
DA:18,4
DA:22,6
DA:23,49
DA:24,49
DA:29,3
DA:30,3
DA:31,3
DA:32,2
DA:33,2
DA:36,1
DA:41,14
DA:49,1
DA:50,13
DA:51,13
DA:52,13
DA:53,13
DA:54,13
DA:58,2
DA:59,2
DA:60,1
DA:61,1
DA:62,1
DA:63,9
DA:65,1
DA:69,8
DA:71,6
DA:72,6
DA:74,6
DA:76,6
DA:82,1
DA:83,1
DA:85,1
DA:87,1
LF:37
LH:37
BRDA:18,0,0,4
BRDA:18,0,1,3
BRDA:23,1,0,49
BRDA:23,1,1,1
BRDA:23,1,2,1
BRDA:24,2,0,49
BRDA:24,2,1,48
BRDA:31,3,0,1
BRDA:41,4,0,1
BRDA:42,5,0,14
BRDA:42,5,1,2
BRDA:52,6,0,12
BRDA:59,7,0,1
BRDA:70,8,0,5
BRDA:70,8,1,3
BRDA:70,9,0,8
BRDA:70,9,1,8
BRDA:74,10,0,1
BRDA:74,11,0,6
BRDA:74,11,1,6
BRDA:85,12,0,0
BRDA:85,13,0,1
BRDA:85,13,1,0
BRF:23
BRH:21
end_of_record
TN:
SF:src\infra\database\memory\item\seeders\item.seeder.ts
FN:9,(anonymous_7)
FN:16,(anonymous_8)
FN:22,(anonymous_10)
FN:22,(anonymous_11)
FNF:4
FNH:4
FNDA:1,(anonymous_7)
FNDA:1,(anonymous_8)
FNDA:12,(anonymous_10)
FNDA:12,(anonymous_11)
DA:5,1
DA:7,1
DA:10,1
DA:11,1
DA:13,1
DA:17,1
DA:18,1
DA:21,1
DA:22,12
DA:23,12
DA:27,1
DA:29,0
LF:12
LH:11
BRF:0
BRH:0
end_of_record
TN:
SF:src\shared\utils.ts
FN:3,(anonymous_0)
FN:8,(anonymous_1)
FN:12,(anonymous_2)
FN:52,formatToCurrency
FN:57,unformatCurrency
FNF:5
FNH:2
FNDA:0,(anonymous_0)
FNDA:7,(anonymous_1)
FNDA:4,(anonymous_2)
FNDA:0,formatToCurrency
FNDA:0,unformatCurrency
DA:1,1
DA:3,1
DA:4,0
DA:5,0
DA:8,1
DA:9,7
DA:12,1
DA:14,4
DA:15,4
DA:18,4
DA:19,0
DA:23,4
DA:24,0
DA:28,4
DA:29,4
DA:30,36
DA:32,4
DA:33,4
DA:34,4
DA:35,1
DA:39,3
DA:40,3
DA:41,30
DA:43,3
DA:44,3
DA:45,3
DA:46,0
DA:49,3
DA:53,0
DA:54,0
DA:58,0
DA:59,0
DA:62,1
LF:33
LH:24
BRDA:4,0,0,0
BRDA:4,1,0,0
BRDA:4,1,1,0
BRDA:4,1,2,0
BRDA:4,1,3,0
BRDA:18,2,0,0
BRDA:23,3,0,0
BRDA:33,4,0,1
BRDA:33,4,1,3
BRDA:34,5,0,1
BRDA:44,6,0,1
BRDA:44,6,1,2
BRDA:45,7,0,0
BRF:13
BRH:5
end_of_record
TN:
SF:src\shared\adapters\jsonDataReader.ts
FN:9,(anonymous_0)
FN:10,(anonymous_1)
FN:11,(anonymous_2)
FNF:3
FNH:3
FNDA:2,(anonymous_0)
FNDA:2,(anonymous_1)
FNDA:2,(anonymous_2)
DA:2,2
DA:8,2
DA:10,2
DA:11,2
DA:12,2
DA:13,2
DA:14,2
DA:15,2
LF:8
LH:8
BRDA:12,0,0,0
BRDA:13,1,0,0
BRF:2
BRH:0
end_of_record
TN:
SF:src\shared\exceptions\base.exception.ts
FN:3,(anonymous_0)
FNF:1
FNH:1
FNDA:11,(anonymous_0)
DA:1,5
DA:4,11
LF:2
LH:2
BRDA:4,0,0,11
BRDA:4,0,1,0
BRDA:4,1,0,11
BRDA:4,1,1,11
BRF:4
BRH:3
end_of_record
TN:
SF:src\shared\exceptions\cpfInvalido.exception.ts
FN:4,(anonymous_0)
FNF:1
FNH:1
FNDA:1,(anonymous_0)
DA:1,1
DA:3,1
DA:5,1
LF:3
LH:3
BRF:0
BRH:0
end_of_record
TN:
SF:src\shared\exceptions\dtoValidationError.exception.ts
FN:4,(anonymous_0)
FN:7,(anonymous_1)
FNF:2
FNH:2
FNDA:1,(anonymous_0)
FNDA:1,(anonymous_1)
DA:1,1
DA:3,1
DA:5,1
DA:6,1
DA:8,1
DA:12,1
LF:6
LH:6
BRF:0
BRH:0
end_of_record
TN:
SF:src\shared\exceptions\registroExistente.exception.ts
FN:4,(anonymous_0)
FNF:1
FNH:1
FNDA:5,(anonymous_0)
DA:1,5
DA:3,5
DA:5,5
LF:3
LH:3
BRDA:5,0,0,3
BRDA:5,0,1,2
BRDA:5,1,0,5
BRDA:5,1,1,5
BRDA:5,2,0,0
BRDA:5,2,1,2
BRDA:5,3,0,2
BRDA:5,3,1,2
BRF:8
BRH:7
end_of_record
TN:
SF:src\shared\exceptions\registroInexistente.exception.ts
FN:4,(anonymous_0)
FNF:1
FNH:1
FNDA:4,(anonymous_0)
DA:1,5
DA:3,5
DA:5,4
LF:3
LH:3
BRDA:5,0,0,0
BRDA:5,0,1,4
BRDA:5,1,0,4
BRDA:5,1,1,4
BRDA:5,2,0,2
BRDA:5,2,1,2
BRDA:5,3,0,4
BRDA:5,3,1,4
BRF:8
BRH:7
end_of_record
TN:
SF:src\shared\types\defaultClass.ts
FN:5,(anonymous_0)
FNF:1
FNH:0
FNDA:0,(anonymous_0)
DA:1,4
DA:2,4
DA:6,0
DA:7,0
LF:4
LH:2
BRDA:6,0,0,0
BRF:1
BRH:0
end_of_record
